{
  "0 debug pnpm:scope": {
    "selected": 1
  },
  "1 info pnpm": {
    "err": {
      "name": "Error",
      "message": "not found: instal",
      "code": "ENOENT",
      "stack": "Error: not found: instal\n    at getNotFoundError (C:\\Users\\chamv\\AppData\\Roaming\\nvm\\v14.16.0\\node_modules\\pnpm\\dist\\pnpm.cjs:36327:51)\n    at Function.whichSync [as sync] (C:\\Users\\chamv\\AppData\\Roaming\\nvm\\v14.16.0\\node_modules\\pnpm\\dist\\pnpm.cjs:36404:13)\n    at getCommandAbsolutePathSync (C:\\Users\\chamv\\AppData\\Roaming\\nvm\\v14.16.0\\node_modules\\pnpm\\dist\\pnpm.cjs:37969:44)\n    at default_1 (C:\\Users\\chamv\\AppData\\Roaming\\nvm\\v14.16.0\\node_modules\\pnpm\\dist\\pnpm.cjs:37978:32)\n    at C:\\Users\\chamv\\AppData\\Roaming\\nvm\\v14.16.0\\node_modules\\pnpm\\dist\\pnpm.cjs:130156:39"
    }
  },
  "2 error pnpm": {
    "code": "ERR_PNPM_RECURSIVE_EXEC_FIRST_FAIL",
    "prefix": "C:\\Users\\chamv\\Documents\\Ubuntu\\Documents\\Personal\\react\\tanda-react-challenge",
    "err": {
      "name": "pnpm",
      "message": "not found: instal",
      "code": "ERR_PNPM_RECURSIVE_EXEC_FIRST_FAIL",
      "stack": "Error: not found: instal\n    at getNotFoundError (C:\\Users\\chamv\\AppData\\Roaming\\nvm\\v14.16.0\\node_modules\\pnpm\\dist\\pnpm.cjs:36327:51)\n    at Function.whichSync [as sync] (C:\\Users\\chamv\\AppData\\Roaming\\nvm\\v14.16.0\\node_modules\\pnpm\\dist\\pnpm.cjs:36404:13)\n    at getCommandAbsolutePathSync (C:\\Users\\chamv\\AppData\\Roaming\\nvm\\v14.16.0\\node_modules\\pnpm\\dist\\pnpm.cjs:37969:44)\n    at default_1 (C:\\Users\\chamv\\AppData\\Roaming\\nvm\\v14.16.0\\node_modules\\pnpm\\dist\\pnpm.cjs:37978:32)\n    at C:\\Users\\chamv\\AppData\\Roaming\\nvm\\v14.16.0\\node_modules\\pnpm\\dist\\pnpm.cjs:130156:39"
    }
  }
}